2025-01-16 17:08:23,248 - root - INFO - Starting CounterBalance IDS...
2025-01-16 17:08:23,248 - root - INFO - Initializing directories...
2025-01-16 17:08:23,248 - root - INFO - Initializing model handler...
2025-01-16 17:08:23,252 - h5py._conv - DEBUG - Creating converter from 3 to 5
2025-01-16 17:08:23,426 - absl - WARNING - Compiled the loaded model, but the compiled metrics have yet to be built. `model.compile_metrics` will be empty until you train or evaluate the model.
2025-01-16 17:08:23,431 - root - INFO - Models loaded successfully
2025-01-16 17:08:23,431 - root - INFO - Encoders initialized successfully
2025-01-16 17:08:23,431 - root - INFO - Model handler initialized successfully
2025-01-16 17:08:23,431 - root - INFO - Creating main window...
2025-01-16 17:08:23,497 - root - INFO - Main window created successfully
2025-01-16 17:08:23,497 - root - INFO - Setting up network processor...
2025-01-16 17:08:23,497 - root - INFO - Network processor initialized successfully
2025-01-16 17:08:23,497 - root - INFO - Connecting network processor to UI...
2025-01-16 17:08:23,497 - root - INFO - Network processor connected to UI successfully
2025-01-16 17:08:23,497 - root - INFO - Starting network capture...
2025-01-16 17:08:23,497 - root - INFO - Network capture started successfully
2025-01-16 17:08:23,498 - root - INFO - Network capture started successfully
2025-01-16 17:08:23,498 - root - INFO - Starting main event loop...
2025-01-16 17:08:30,016 - root - DEBUG - Processing batch of 100 packets
2025-01-16 17:08:30,047 - root - DEBUG - Processing batch with features: Index(['duration', 'protocol_type', 'service', 'flag', 'src_bytes',
       'dst_bytes', 'wrong_fragment', 'hot', 'logged_in', 'num_compromised',
       'count', 'srv_count', 'serror_rate', 'srv_serror_rate', 'rerror_rate'],
      dtype='object')
