2025-01-16 17:29:53,022 - root - INFO - Starting CounterBalance IDS...
2025-01-16 17:29:53,022 - root - INFO - Initializing directories...
2025-01-16 17:29:53,023 - root - INFO - Initializing model handler...
2025-01-16 17:29:53,267 - root - INFO - Encoders initialized successfully
2025-01-16 17:29:53,267 - root - INFO - Model handler initialized successfully
2025-01-16 17:29:53,267 - root - INFO - Creating main window...
2025-01-16 17:29:53,322 - root - INFO - Main window created successfully
2025-01-16 17:29:53,322 - root - INFO - Setting up network processor...
2025-01-16 17:29:53,322 - root - INFO - Network processor initialized successfully
2025-01-16 17:29:53,322 - root - INFO - Connecting network processor to UI...
2025-01-16 17:29:53,322 - root - INFO - Network processor connected to UI successfully
2025-01-16 17:29:53,322 - root - INFO - Starting network capture...
2025-01-16 17:29:53,323 - root - INFO - Network capture started successfully
2025-01-16 17:29:53,323 - root - INFO - Network capture started successfully
2025-01-16 17:29:53,323 - root - INFO - Starting main event loop...
2025-01-16 17:29:53,977 - root - INFO - Processing packet #1
2025-01-16 17:29:53,978 - root - INFO - Features extracted successfully for packet #1
2025-01-16 17:29:54,119 - root - INFO - Processing packet #2
2025-01-16 17:29:54,120 - root - INFO - Features extracted successfully for packet #2
2025-01-16 17:29:55,402 - root - INFO - Processing packet #3
2025-01-16 17:29:55,403 - root - INFO - Features extracted successfully for packet #3
2025-01-16 17:29:55,472 - root - INFO - Processing packet #4
2025-01-16 17:29:55,472 - root - INFO - Features extracted successfully for packet #4
2025-01-16 17:29:55,485 - root - INFO - Processing packet #5
2025-01-16 17:29:55,485 - root - INFO - Features extracted successfully for packet #5
2025-01-16 17:29:55,486 - root - INFO - Processing buffer of 5 packets
2025-01-16 17:29:55,486 - root - INFO - Combined features shape: (5, 15)
2025-01-16 17:29:55,487 - root - INFO - Making predictions...
2025-01-16 17:29:55,487 - root - INFO - Starting prediction for features shape: (5, 15)
2025-01-16 17:29:55,487 - root - INFO - Converted features to float type
2025-01-16 17:29:55,488 - root - INFO - Features scaled successfully
2025-01-16 17:29:55,488 - root - INFO - Reshaped features to: (5, 1, 15)
2025-01-16 17:29:55,488 - root - INFO - Making prediction on CPU...
