2025-01-16 23:20:55,946 - root - INFO - Starting CounterBalance IDS...
2025-01-16 23:20:55,946 - root - INFO - Initialized directory: /home/amgarou/PycharmProjects/CounterBalance/models
2025-01-16 23:20:55,946 - root - INFO - Initialized directory: /home/amgarou/PycharmProjects/CounterBalance/logs
2025-01-16 23:20:55,946 - root - INFO - Initialized directory: /home/amgarou/PycharmProjects/CounterBalance/quarantine
2025-01-16 23:20:56,321 - root - INFO - Successfully loaded XGBoost model
2025-01-16 23:20:56,321 - root - INFO - Successfully loaded StandardScaler
2025-01-16 23:20:56,393 - root - ERROR - Error in GUI initialization/execution: 'NetworkTab' object has no attribute 'toggle_capture'
2025-01-16 23:20:56,393 - root - CRITICAL - Critical error in main: 'NetworkTab' object has no attribute 'toggle_capture'
Traceback (most recent call last):
  File "/home/amgarou/PycharmProjects/CounterBalance/main.py", line 79, in main
    app = MainWindow(config)
  File "/home/amgarou/PycharmProjects/CounterBalance/gui/main_window.py", line 19, in __init__
    self.create_notebook()
  File "/home/amgarou/PycharmProjects/CounterBalance/gui/main_window.py", line 52, in create_notebook
    self.network_tab = NetworkTab(self.notebook, threats_tab=self.threats_tab)
  File "/home/amgarou/PycharmProjects/CounterBalance/gui/tabs/network_tab.py", line 19, in __init__
    self.create_widgets()
  File "/home/amgarou/PycharmProjects/CounterBalance/gui/tabs/network_tab.py", line 62, in create_widgets
    command=self.toggle_capture)
AttributeError: 'NetworkTab' object has no attribute 'toggle_capture'
2025-01-16 23:20:56,393 - root - INFO - CounterBalance IDS shutting down...
