2025-01-16 17:30:16,071 - root - INFO - Starting CounterBalance IDS...
2025-01-16 17:30:16,071 - root - INFO - Initializing directories...
2025-01-16 17:30:16,071 - root - INFO - Initializing model handler...
2025-01-16 17:30:16,306 - root - INFO - Encoders initialized successfully
2025-01-16 17:30:16,307 - root - INFO - Model handler initialized successfully
2025-01-16 17:30:16,307 - root - INFO - Creating main window...
2025-01-16 17:30:16,362 - root - INFO - Main window created successfully
2025-01-16 17:30:16,363 - root - INFO - Setting up network processor...
2025-01-16 17:30:16,363 - root - INFO - Network processor initialized successfully
2025-01-16 17:30:16,363 - root - INFO - Connecting network processor to UI...
2025-01-16 17:30:16,363 - root - INFO - Network processor connected to UI successfully
2025-01-16 17:30:16,363 - root - INFO - Starting network capture...
2025-01-16 17:30:16,363 - root - INFO - Network capture started successfully
2025-01-16 17:30:16,363 - root - INFO - Network capture started successfully
2025-01-16 17:30:16,363 - root - INFO - Starting main event loop...
2025-01-16 17:30:16,977 - root - INFO - Processing packet #1
2025-01-16 17:30:16,979 - root - INFO - Starting prediction for features shape: (1, 15)
2025-01-16 17:30:16,980 - root - INFO - Converted features to float type
2025-01-16 17:30:16,982 - root - INFO - Features scaled successfully
2025-01-16 17:30:16,982 - root - INFO - Reshaped features to: (1, 1, 15)
2025-01-16 17:30:16,982 - root - INFO - Making prediction on CPU...
