2025-01-14 21:11:33,207 - INFO - Initializing AI model for malware detection...
2025-01-14 21:11:33,207 - INFO - Loading dataset for AI model training...
2025-01-14 21:11:33,207 - INFO - Dataset loaded successfully.
2025-01-14 21:11:34,485 - INFO - AI model initialized successfully.
2025-01-14 21:11:41,141 - INFO - Starting IDS & EDR...
2025-01-14 21:11:41,142 - INFO - Starting intrusion detection...
2025-01-14 21:11:41,145 - INFO - Error during intrusion detection: [Errno 1] Operation not permitted
2025-01-14 21:11:41,147 - INFO - Intrusion detection stopped.
2025-01-14 21:11:44,860 - INFO - Starting IDS & EDR...
2025-01-14 21:11:44,861 - INFO - Starting intrusion detection...
2025-01-14 21:11:44,861 - INFO - Error during intrusion detection: [Errno 1] Operation not permitted
2025-01-14 21:11:44,864 - INFO - Intrusion detection stopped.
2025-01-14 21:11:50,067 - INFO - Starting IDS & EDR...
2025-01-14 21:11:50,067 - INFO - Starting intrusion detection...
2025-01-14 21:11:50,068 - INFO - Error during intrusion detection: [Errno 1] Operation not permitted
2025-01-14 21:11:50,071 - INFO - Intrusion detection stopped.
2025-01-14 21:12:03,265 - INFO - Initializing AI model for malware detection...
2025-01-14 21:12:03,265 - INFO - Loading dataset for AI model training...
2025-01-14 21:12:03,265 - INFO - Dataset loaded successfully.
2025-01-14 21:12:04,564 - INFO - AI model initialized successfully.
2025-01-14 21:12:08,240 - INFO - Starting IDS & EDR...
2025-01-14 21:12:08,240 - INFO - Starting intrusion detection...
2025-01-14 21:12:08,241 - INFO - Error during intrusion detection: [Errno 1] Operation not permitted
2025-01-14 21:12:08,242 - INFO - Intrusion detection stopped.
2025-01-14 21:12:42,358 - INFO - Scanning files for malware...
2025-01-14 21:12:47,363 - INFO - File scanning complete.
2025-01-14 21:12:47,365 - INFO - Scanning files for malware...
2025-01-14 21:12:52,370 - INFO - File scanning complete.
2025-01-14 21:12:52,372 - INFO - Ending selected process...
2025-01-14 21:12:54,374 - INFO - Selected process ended.
2025-01-14 21:12:54,375 - INFO - Scanning files for malware...
2025-01-14 21:12:59,380 - INFO - File scanning complete.
2025-01-14 21:13:03,782 - INFO - Monitoring running processes...
2025-01-14 21:13:03,822 - INFO - Process monitoring complete.
2025-01-14 21:13:23,636 - INFO - Starting IDS & EDR...
2025-01-14 21:13:23,636 - INFO - Starting intrusion detection...
2025-01-14 21:13:23,636 - INFO - Error during intrusion detection: [Errno 1] Operation not permitted
2025-01-14 21:13:23,637 - INFO - Intrusion detection stopped.
2025-01-14 21:14:01,644 - INFO - Ending selected process...
2025-01-14 21:14:03,645 - INFO - Selected process ended.
2025-01-14 21:14:08,946 - INFO - Starting IDS & EDR...
2025-01-14 21:14:08,946 - INFO - Starting intrusion detection...
2025-01-14 21:14:08,947 - INFO - Error during intrusion detection: [Errno 1] Operation not permitted
2025-01-14 21:14:08,948 - INFO - Intrusion detection stopped.
2025-01-14 21:14:09,453 - INFO - Starting IDS & EDR...
2025-01-14 21:14:09,454 - INFO - Starting intrusion detection...
2025-01-14 21:14:09,455 - INFO - Error during intrusion detection: [Errno 1] Operation not permitted
2025-01-14 21:14:09,456 - INFO - Intrusion detection stopped.
2025-01-14 21:14:09,799 - INFO - Starting IDS & EDR...
2025-01-14 21:14:09,800 - INFO - Starting intrusion detection...
2025-01-14 21:14:09,801 - INFO - Error during intrusion detection: [Errno 1] Operation not permitted
2025-01-14 21:14:09,803 - INFO - Intrusion detection stopped.
2025-01-14 21:14:09,962 - INFO - Starting IDS & EDR...
2025-01-14 21:14:09,963 - INFO - Starting intrusion detection...
2025-01-14 21:14:09,963 - INFO - Error during intrusion detection: [Errno 1] Operation not permitted
2025-01-14 21:14:09,964 - INFO - Intrusion detection stopped.
2025-01-14 21:14:10,117 - INFO - Starting IDS & EDR...
2025-01-14 21:14:10,117 - INFO - Starting intrusion detection...
2025-01-14 21:14:10,117 - INFO - Error during intrusion detection: [Errno 1] Operation not permitted
2025-01-14 21:14:10,118 - INFO - Intrusion detection stopped.
2025-01-14 21:14:10,239 - INFO - Starting IDS & EDR...
2025-01-14 21:14:10,239 - INFO - Starting intrusion detection...
2025-01-14 21:14:10,240 - INFO - Error during intrusion detection: [Errno 1] Operation not permitted
2025-01-14 21:14:10,240 - INFO - Intrusion detection stopped.
2025-01-14 21:14:10,389 - INFO - Starting IDS & EDR...
2025-01-14 21:14:10,390 - INFO - Starting intrusion detection...
2025-01-14 21:14:10,390 - INFO - Error during intrusion detection: [Errno 1] Operation not permitted
2025-01-14 21:14:10,391 - INFO - Intrusion detection stopped.
2025-01-14 21:14:10,524 - INFO - Starting IDS & EDR...
2025-01-14 21:14:10,525 - INFO - Starting intrusion detection...
2025-01-14 21:14:10,526 - INFO - Error during intrusion detection: [Errno 1] Operation not permitted
2025-01-14 21:14:10,527 - INFO - Intrusion detection stopped.
2025-01-14 21:14:10,653 - INFO - Starting IDS & EDR...
2025-01-14 21:14:10,654 - INFO - Starting intrusion detection...
2025-01-14 21:14:10,655 - INFO - Error during intrusion detection: [Errno 1] Operation not permitted
2025-01-14 21:14:10,655 - INFO - Intrusion detection stopped.
2025-01-14 21:14:10,812 - INFO - Starting IDS & EDR...
2025-01-14 21:14:10,812 - INFO - Starting intrusion detection...
2025-01-14 21:14:10,813 - INFO - Error during intrusion detection: [Errno 1] Operation not permitted
2025-01-14 21:14:10,814 - INFO - Intrusion detection stopped.
2025-01-14 21:14:11,012 - INFO - Starting IDS & EDR...
2025-01-14 21:14:11,013 - INFO - Starting intrusion detection...
2025-01-14 21:14:11,013 - INFO - Error during intrusion detection: [Errno 1] Operation not permitted
2025-01-14 21:14:11,014 - INFO - Intrusion detection stopped.
2025-01-14 21:14:57,140 - INFO - Initializing AI model for malware detection...
2025-01-14 21:14:57,140 - INFO - Loading dataset for AI model training...
2025-01-14 21:14:57,141 - INFO - Dataset loaded successfully.
2025-01-14 21:14:58,423 - INFO - AI model initialized successfully.
2025-01-14 21:15:12,247 - INFO - Starting IDS & EDR...
2025-01-14 21:15:12,247 - INFO - Starting intrusion detection...
2025-01-14 21:15:12,250 - INFO - Error during intrusion detection: [Errno 1] Operation not permitted
2025-01-14 21:15:12,251 - INFO - Intrusion detection stopped.
2025-01-14 21:16:43,447 - INFO - Initializing AI model for malware detection...
2025-01-14 21:16:43,447 - INFO - Loading dataset for AI model training...
2025-01-14 21:16:43,448 - INFO - Dataset loaded successfully.
2025-01-14 21:16:44,737 - INFO - AI model initialized successfully.
2025-01-14 21:16:49,301 - INFO - Starting IDS & EDR...
2025-01-14 21:16:49,301 - INFO - Starting intrusion detection...
2025-01-14 21:16:49,304 - INFO - Error during intrusion detection: [Errno 1] Operation not permitted
2025-01-14 21:16:49,306 - INFO - Intrusion detection stopped.
2025-01-14 21:16:58,054 - INFO - Scanning files for malware...
2025-01-14 21:17:03,059 - INFO - File scanning complete.
2025-01-19 16:01:00,247 - INFO - Initializing AI model for malware detection...
2025-01-19 16:01:00,249 - INFO - Loading dataset for AI model training...
2025-01-19 16:01:00,250 - INFO - Dataset loaded successfully.
2025-01-19 16:01:05,184 - INFO - AI model initialized successfully.
2025-01-19 16:01:13,332 - INFO - Starting IDS & EDR...
2025-01-19 16:01:13,334 - INFO - Starting intrusion detection...
2025-01-19 16:01:13,397 - INFO - Anomaly detected: Ether / IP / TCP 192.168.0.180:49590 > 100.102.226.98:6653 S
2025-01-19 16:01:14,605 - INFO - Threat intelligence: Threat intelligence data not available.
2025-01-19 16:01:14,626 - INFO - Intrusion detection stopped.
